<?xml version="1.0" encoding="UTF-8"?>
<testsuite xmlns:xsi="http://www.w3.org/2001/XMLSchema-instance" xsi:noNamespaceSchemaLocation="https://maven.apache.org/surefire/maven-surefire-plugin/xsd/surefire-test-report-3.0.xsd" version="3.0" name="TestSuite" time="39.796" tests="12" errors="0" skipped="0" failures="12">
  <properties>
    <property name="java.specification.version" value="18"/>
    <property name="webdriver.chrome.driver" value="src/main/resources/chromedriver"/>
    <property name="sun.jnu.encoding" value="UTF-8"/>
    <property name="java.class.path" value="/Users/gennadiyqa/IdeaProjects/Kassa24GitHub/target/test-classes:/Users/gennadiyqa/IdeaProjects/Kassa24GitHub/target/classes:/Users/gennadiyqa/.m2/repository/org/seleniumhq/selenium/selenium-java/4.1.4/selenium-java-4.1.4.jar:/Users/gennadiyqa/.m2/repository/org/seleniumhq/selenium/selenium-api/4.1.4/selenium-api-4.1.4.jar:/Users/gennadiyqa/.m2/repository/org/seleniumhq/selenium/selenium-chrome-driver/4.1.4/selenium-chrome-driver-4.1.4.jar:/Users/gennadiyqa/.m2/repository/com/google/auto/service/auto-service-annotations/1.0.1/auto-service-annotations-1.0.1.jar:/Users/gennadiyqa/.m2/repository/com/google/auto/service/auto-service/1.0.1/auto-service-1.0.1.jar:/Users/gennadiyqa/.m2/repository/com/google/auto/auto-common/1.2/auto-common-1.2.jar:/Users/gennadiyqa/.m2/repository/com/google/guava/guava/31.1-jre/guava-31.1-jre.jar:/Users/gennadiyqa/.m2/repository/com/google/guava/failureaccess/1.0.1/failureaccess-1.0.1.jar:/Users/gennadiyqa/.m2/repository/com/google/guava/listenablefuture/9999.0-empty-to-avoid-conflict-with-guava/listenablefuture-9999.0-empty-to-avoid-conflict-with-guava.jar:/Users/gennadiyqa/.m2/repository/org/checkerframework/checker-qual/3.12.0/checker-qual-3.12.0.jar:/Users/gennadiyqa/.m2/repository/com/google/errorprone/error_prone_annotations/2.11.0/error_prone_annotations-2.11.0.jar:/Users/gennadiyqa/.m2/repository/com/google/j2objc/j2objc-annotations/1.3/j2objc-annotations-1.3.jar:/Users/gennadiyqa/.m2/repository/org/seleniumhq/selenium/selenium-chromium-driver/4.1.4/selenium-chromium-driver-4.1.4.jar:/Users/gennadiyqa/.m2/repository/org/seleniumhq/selenium/selenium-json/4.1.4/selenium-json-4.1.4.jar:/Users/gennadiyqa/.m2/repository/org/seleniumhq/selenium/selenium-devtools-v100/4.1.4/selenium-devtools-v100-4.1.4.jar:/Users/gennadiyqa/.m2/repository/org/seleniumhq/selenium/selenium-devtools-v101/4.1.4/selenium-devtools-v101-4.1.4.jar:/Users/gennadiyqa/.m2/repository/org/seleniumhq/selenium/selenium-devtools-v85/4.1.4/selenium-devtools-v85-4.1.4.jar:/Users/gennadiyqa/.m2/repository/org/seleniumhq/selenium/selenium-devtools-v99/4.1.4/selenium-devtools-v99-4.1.4.jar:/Users/gennadiyqa/.m2/repository/org/seleniumhq/selenium/selenium-edge-driver/4.1.4/selenium-edge-driver-4.1.4.jar:/Users/gennadiyqa/.m2/repository/org/seleniumhq/selenium/selenium-firefox-driver/4.1.4/selenium-firefox-driver-4.1.4.jar:/Users/gennadiyqa/.m2/repository/org/seleniumhq/selenium/selenium-ie-driver/4.1.4/selenium-ie-driver-4.1.4.jar:/Users/gennadiyqa/.m2/repository/org/seleniumhq/selenium/selenium-opera-driver/4.1.4/selenium-opera-driver-4.1.4.jar:/Users/gennadiyqa/.m2/repository/org/seleniumhq/selenium/selenium-remote-driver/4.1.4/selenium-remote-driver-4.1.4.jar:/Users/gennadiyqa/.m2/repository/io/netty/netty-buffer/4.1.76.Final/netty-buffer-4.1.76.Final.jar:/Users/gennadiyqa/.m2/repository/io/netty/netty-codec-http/4.1.76.Final/netty-codec-http-4.1.76.Final.jar:/Users/gennadiyqa/.m2/repository/io/netty/netty-codec/4.1.76.Final/netty-codec-4.1.76.Final.jar:/Users/gennadiyqa/.m2/repository/io/netty/netty-handler/4.1.76.Final/netty-handler-4.1.76.Final.jar:/Users/gennadiyqa/.m2/repository/io/netty/netty-common/4.1.76.Final/netty-common-4.1.76.Final.jar:/Users/gennadiyqa/.m2/repository/io/netty/netty-transport-classes-epoll/4.1.76.Final/netty-transport-classes-epoll-4.1.76.Final.jar:/Users/gennadiyqa/.m2/repository/io/netty/netty-transport-classes-kqueue/4.1.76.Final/netty-transport-classes-kqueue-4.1.76.Final.jar:/Users/gennadiyqa/.m2/repository/io/netty/netty-transport-native-epoll/4.1.76.Final/netty-transport-native-epoll-4.1.76.Final.jar:/Users/gennadiyqa/.m2/repository/io/netty/netty-transport-native-kqueue/4.1.76.Final/netty-transport-native-kqueue-4.1.76.Final.jar:/Users/gennadiyqa/.m2/repository/io/netty/netty-transport-native-unix-common/4.1.76.Final/netty-transport-native-unix-common-4.1.76.Final.jar:/Users/gennadiyqa/.m2/repository/io/netty/netty-transport/4.1.76.Final/netty-transport-4.1.76.Final.jar:/Users/gennadiyqa/.m2/repository/io/netty/netty-resolver/4.1.76.Final/netty-resolver-4.1.76.Final.jar:/Users/gennadiyqa/.m2/repository/io/opentelemetry/opentelemetry-api/1.13.0/opentelemetry-api-1.13.0.jar:/Users/gennadiyqa/.m2/repository/io/opentelemetry/opentelemetry-context/1.13.0/opentelemetry-context-1.13.0.jar:/Users/gennadiyqa/.m2/repository/io/opentelemetry/opentelemetry-exporter-logging/1.13.0/opentelemetry-exporter-logging-1.13.0.jar:/Users/gennadiyqa/.m2/repository/io/opentelemetry/opentelemetry-sdk-metrics/1.13.0-alpha/opentelemetry-sdk-metrics-1.13.0-alpha.jar:/Users/gennadiyqa/.m2/repository/io/opentelemetry/opentelemetry-sdk-logs/1.13.0-alpha/opentelemetry-sdk-logs-1.13.0-alpha.jar:/Users/gennadiyqa/.m2/repository/io/opentelemetry/opentelemetry-sdk-common/1.13.0/opentelemetry-sdk-common-1.13.0.jar:/Users/gennadiyqa/.m2/repository/io/opentelemetry/opentelemetry-sdk-extension-autoconfigure-spi/1.13.0/opentelemetry-sdk-extension-autoconfigure-spi-1.13.0.jar:/Users/gennadiyqa/.m2/repository/io/opentelemetry/opentelemetry-sdk-extension-autoconfigure/1.13.0-alpha/opentelemetry-sdk-extension-autoconfigure-1.13.0-alpha.jar:/Users/gennadiyqa/.m2/repository/io/opentelemetry/opentelemetry-sdk-trace/1.13.0/opentelemetry-sdk-trace-1.13.0.jar:/Users/gennadiyqa/.m2/repository/io/opentelemetry/opentelemetry-sdk/1.13.0/opentelemetry-sdk-1.13.0.jar:/Users/gennadiyqa/.m2/repository/io/opentelemetry/opentelemetry-semconv/1.13.0-alpha/opentelemetry-semconv-1.13.0-alpha.jar:/Users/gennadiyqa/.m2/repository/io/ous/jtoml/2.0.0/jtoml-2.0.0.jar:/Users/gennadiyqa/.m2/repository/net/bytebuddy/byte-buddy/1.12.9/byte-buddy-1.12.9.jar:/Users/gennadiyqa/.m2/repository/org/apache/commons/commons-exec/1.3/commons-exec-1.3.jar:/Users/gennadiyqa/.m2/repository/org/asynchttpclient/async-http-client/2.12.3/async-http-client-2.12.3.jar:/Users/gennadiyqa/.m2/repository/org/asynchttpclient/async-http-client-netty-utils/2.12.3/async-http-client-netty-utils-2.12.3.jar:/Users/gennadiyqa/.m2/repository/io/netty/netty-codec-socks/4.1.60.Final/netty-codec-socks-4.1.60.Final.jar:/Users/gennadiyqa/.m2/repository/io/netty/netty-handler-proxy/4.1.60.Final/netty-handler-proxy-4.1.60.Final.jar:/Users/gennadiyqa/.m2/repository/io/netty/netty-transport-native-epoll/4.1.60.Final/netty-transport-native-epoll-4.1.60.Final-linux-x86_64.jar:/Users/gennadiyqa/.m2/repository/io/netty/netty-transport-native-kqueue/4.1.60.Final/netty-transport-native-kqueue-4.1.60.Final-osx-x86_64.jar:/Users/gennadiyqa/.m2/repository/org/reactivestreams/reactive-streams/1.0.3/reactive-streams-1.0.3.jar:/Users/gennadiyqa/.m2/repository/com/typesafe/netty/netty-reactive-streams/2.0.4/netty-reactive-streams-2.0.4.jar:/Users/gennadiyqa/.m2/repository/com/sun/activation/jakarta.activation/1.2.2/jakarta.activation-1.2.2.jar:/Users/gennadiyqa/.m2/repository/org/seleniumhq/selenium/selenium-http/4.1.4/selenium-http-4.1.4.jar:/Users/gennadiyqa/.m2/repository/dev/failsafe/failsafe/3.2.3/failsafe-3.2.3.jar:/Users/gennadiyqa/.m2/repository/org/seleniumhq/selenium/selenium-safari-driver/4.1.4/selenium-safari-driver-4.1.4.jar:/Users/gennadiyqa/.m2/repository/org/seleniumhq/selenium/selenium-support/4.1.4/selenium-support-4.1.4.jar:/Users/gennadiyqa/.m2/repository/org/slf4j/slf4j-reload4j/1.7.36/slf4j-reload4j-1.7.36.jar:/Users/gennadiyqa/.m2/repository/org/slf4j/slf4j-api/1.7.36/slf4j-api-1.7.36.jar:/Users/gennadiyqa/.m2/repository/ch/qos/reload4j/reload4j/1.2.19/reload4j-1.2.19.jar:/Users/gennadiyqa/.m2/repository/com/beust/jcommander/1.82/jcommander-1.82.jar:/Users/gennadiyqa/.m2/repository/org/testng/testng/7.5/testng-7.5.jar:/Users/gennadiyqa/.m2/repository/com/google/code/findbugs/jsr305/3.0.1/jsr305-3.0.1.jar:/Users/gennadiyqa/.m2/repository/org/webjars/jquery/3.5.1/jquery-3.5.1.jar:/Users/gennadiyqa/.m2/repository/commons-io/commons-io/2.11.0/commons-io-2.11.0.jar:"/>
    <property name="java.vm.vendor" value="Homebrew"/>
    <property name="sun.arch.data.model" value="64"/>
    <property name="java.vendor.url" value="https://github.com/Homebrew/homebrew-core/issues"/>
    <property name="user.timezone" value="Europe/Simferopol"/>
    <property name="os.name" value="Mac OS X"/>
    <property name="java.vm.specification.version" value="18"/>
    <property name="sun.java.launcher" value="SUN_STANDARD"/>
    <property name="user.country" value="RU"/>
    <property name="sun.boot.library.path" value="/usr/local/Cellar/openjdk/18.0.1/libexec/openjdk.jdk/Contents/Home/lib"/>
    <property name="sun.java.command" value="/Users/gennadiyqa/IdeaProjects/Kassa24GitHub/target/surefire/surefirebooter9825112067769623812.jar /Users/gennadiyqa/IdeaProjects/Kassa24GitHub/target/surefire 2022-05-23T10-29-30_838-jvmRun1 surefire17424577524494850663tmp surefire_010978452143815283563tmp"/>
    <property name="http.nonProxyHosts" value="local|*.local|169.254/16|*.169.254/16"/>
    <property name="jdk.debug" value="release"/>
    <property name="surefire.test.class.path" value="/Users/gennadiyqa/IdeaProjects/Kassa24GitHub/target/test-classes:/Users/gennadiyqa/IdeaProjects/Kassa24GitHub/target/classes:/Users/gennadiyqa/.m2/repository/org/seleniumhq/selenium/selenium-java/4.1.4/selenium-java-4.1.4.jar:/Users/gennadiyqa/.m2/repository/org/seleniumhq/selenium/selenium-api/4.1.4/selenium-api-4.1.4.jar:/Users/gennadiyqa/.m2/repository/org/seleniumhq/selenium/selenium-chrome-driver/4.1.4/selenium-chrome-driver-4.1.4.jar:/Users/gennadiyqa/.m2/repository/com/google/auto/service/auto-service-annotations/1.0.1/auto-service-annotations-1.0.1.jar:/Users/gennadiyqa/.m2/repository/com/google/auto/service/auto-service/1.0.1/auto-service-1.0.1.jar:/Users/gennadiyqa/.m2/repository/com/google/auto/auto-common/1.2/auto-common-1.2.jar:/Users/gennadiyqa/.m2/repository/com/google/guava/guava/31.1-jre/guava-31.1-jre.jar:/Users/gennadiyqa/.m2/repository/com/google/guava/failureaccess/1.0.1/failureaccess-1.0.1.jar:/Users/gennadiyqa/.m2/repository/com/google/guava/listenablefuture/9999.0-empty-to-avoid-conflict-with-guava/listenablefuture-9999.0-empty-to-avoid-conflict-with-guava.jar:/Users/gennadiyqa/.m2/repository/org/checkerframework/checker-qual/3.12.0/checker-qual-3.12.0.jar:/Users/gennadiyqa/.m2/repository/com/google/errorprone/error_prone_annotations/2.11.0/error_prone_annotations-2.11.0.jar:/Users/gennadiyqa/.m2/repository/com/google/j2objc/j2objc-annotations/1.3/j2objc-annotations-1.3.jar:/Users/gennadiyqa/.m2/repository/org/seleniumhq/selenium/selenium-chromium-driver/4.1.4/selenium-chromium-driver-4.1.4.jar:/Users/gennadiyqa/.m2/repository/org/seleniumhq/selenium/selenium-json/4.1.4/selenium-json-4.1.4.jar:/Users/gennadiyqa/.m2/repository/org/seleniumhq/selenium/selenium-devtools-v100/4.1.4/selenium-devtools-v100-4.1.4.jar:/Users/gennadiyqa/.m2/repository/org/seleniumhq/selenium/selenium-devtools-v101/4.1.4/selenium-devtools-v101-4.1.4.jar:/Users/gennadiyqa/.m2/repository/org/seleniumhq/selenium/selenium-devtools-v85/4.1.4/selenium-devtools-v85-4.1.4.jar:/Users/gennadiyqa/.m2/repository/org/seleniumhq/selenium/selenium-devtools-v99/4.1.4/selenium-devtools-v99-4.1.4.jar:/Users/gennadiyqa/.m2/repository/org/seleniumhq/selenium/selenium-edge-driver/4.1.4/selenium-edge-driver-4.1.4.jar:/Users/gennadiyqa/.m2/repository/org/seleniumhq/selenium/selenium-firefox-driver/4.1.4/selenium-firefox-driver-4.1.4.jar:/Users/gennadiyqa/.m2/repository/org/seleniumhq/selenium/selenium-ie-driver/4.1.4/selenium-ie-driver-4.1.4.jar:/Users/gennadiyqa/.m2/repository/org/seleniumhq/selenium/selenium-opera-driver/4.1.4/selenium-opera-driver-4.1.4.jar:/Users/gennadiyqa/.m2/repository/org/seleniumhq/selenium/selenium-remote-driver/4.1.4/selenium-remote-driver-4.1.4.jar:/Users/gennadiyqa/.m2/repository/io/netty/netty-buffer/4.1.76.Final/netty-buffer-4.1.76.Final.jar:/Users/gennadiyqa/.m2/repository/io/netty/netty-codec-http/4.1.76.Final/netty-codec-http-4.1.76.Final.jar:/Users/gennadiyqa/.m2/repository/io/netty/netty-codec/4.1.76.Final/netty-codec-4.1.76.Final.jar:/Users/gennadiyqa/.m2/repository/io/netty/netty-handler/4.1.76.Final/netty-handler-4.1.76.Final.jar:/Users/gennadiyqa/.m2/repository/io/netty/netty-common/4.1.76.Final/netty-common-4.1.76.Final.jar:/Users/gennadiyqa/.m2/repository/io/netty/netty-transport-classes-epoll/4.1.76.Final/netty-transport-classes-epoll-4.1.76.Final.jar:/Users/gennadiyqa/.m2/repository/io/netty/netty-transport-classes-kqueue/4.1.76.Final/netty-transport-classes-kqueue-4.1.76.Final.jar:/Users/gennadiyqa/.m2/repository/io/netty/netty-transport-native-epoll/4.1.76.Final/netty-transport-native-epoll-4.1.76.Final.jar:/Users/gennadiyqa/.m2/repository/io/netty/netty-transport-native-kqueue/4.1.76.Final/netty-transport-native-kqueue-4.1.76.Final.jar:/Users/gennadiyqa/.m2/repository/io/netty/netty-transport-native-unix-common/4.1.76.Final/netty-transport-native-unix-common-4.1.76.Final.jar:/Users/gennadiyqa/.m2/repository/io/netty/netty-transport/4.1.76.Final/netty-transport-4.1.76.Final.jar:/Users/gennadiyqa/.m2/repository/io/netty/netty-resolver/4.1.76.Final/netty-resolver-4.1.76.Final.jar:/Users/gennadiyqa/.m2/repository/io/opentelemetry/opentelemetry-api/1.13.0/opentelemetry-api-1.13.0.jar:/Users/gennadiyqa/.m2/repository/io/opentelemetry/opentelemetry-context/1.13.0/opentelemetry-context-1.13.0.jar:/Users/gennadiyqa/.m2/repository/io/opentelemetry/opentelemetry-exporter-logging/1.13.0/opentelemetry-exporter-logging-1.13.0.jar:/Users/gennadiyqa/.m2/repository/io/opentelemetry/opentelemetry-sdk-metrics/1.13.0-alpha/opentelemetry-sdk-metrics-1.13.0-alpha.jar:/Users/gennadiyqa/.m2/repository/io/opentelemetry/opentelemetry-sdk-logs/1.13.0-alpha/opentelemetry-sdk-logs-1.13.0-alpha.jar:/Users/gennadiyqa/.m2/repository/io/opentelemetry/opentelemetry-sdk-common/1.13.0/opentelemetry-sdk-common-1.13.0.jar:/Users/gennadiyqa/.m2/repository/io/opentelemetry/opentelemetry-sdk-extension-autoconfigure-spi/1.13.0/opentelemetry-sdk-extension-autoconfigure-spi-1.13.0.jar:/Users/gennadiyqa/.m2/repository/io/opentelemetry/opentelemetry-sdk-extension-autoconfigure/1.13.0-alpha/opentelemetry-sdk-extension-autoconfigure-1.13.0-alpha.jar:/Users/gennadiyqa/.m2/repository/io/opentelemetry/opentelemetry-sdk-trace/1.13.0/opentelemetry-sdk-trace-1.13.0.jar:/Users/gennadiyqa/.m2/repository/io/opentelemetry/opentelemetry-sdk/1.13.0/opentelemetry-sdk-1.13.0.jar:/Users/gennadiyqa/.m2/repository/io/opentelemetry/opentelemetry-semconv/1.13.0-alpha/opentelemetry-semconv-1.13.0-alpha.jar:/Users/gennadiyqa/.m2/repository/io/ous/jtoml/2.0.0/jtoml-2.0.0.jar:/Users/gennadiyqa/.m2/repository/net/bytebuddy/byte-buddy/1.12.9/byte-buddy-1.12.9.jar:/Users/gennadiyqa/.m2/repository/org/apache/commons/commons-exec/1.3/commons-exec-1.3.jar:/Users/gennadiyqa/.m2/repository/org/asynchttpclient/async-http-client/2.12.3/async-http-client-2.12.3.jar:/Users/gennadiyqa/.m2/repository/org/asynchttpclient/async-http-client-netty-utils/2.12.3/async-http-client-netty-utils-2.12.3.jar:/Users/gennadiyqa/.m2/repository/io/netty/netty-codec-socks/4.1.60.Final/netty-codec-socks-4.1.60.Final.jar:/Users/gennadiyqa/.m2/repository/io/netty/netty-handler-proxy/4.1.60.Final/netty-handler-proxy-4.1.60.Final.jar:/Users/gennadiyqa/.m2/repository/io/netty/netty-transport-native-epoll/4.1.60.Final/netty-transport-native-epoll-4.1.60.Final-linux-x86_64.jar:/Users/gennadiyqa/.m2/repository/io/netty/netty-transport-native-kqueue/4.1.60.Final/netty-transport-native-kqueue-4.1.60.Final-osx-x86_64.jar:/Users/gennadiyqa/.m2/repository/org/reactivestreams/reactive-streams/1.0.3/reactive-streams-1.0.3.jar:/Users/gennadiyqa/.m2/repository/com/typesafe/netty/netty-reactive-streams/2.0.4/netty-reactive-streams-2.0.4.jar:/Users/gennadiyqa/.m2/repository/com/sun/activation/jakarta.activation/1.2.2/jakarta.activation-1.2.2.jar:/Users/gennadiyqa/.m2/repository/org/seleniumhq/selenium/selenium-http/4.1.4/selenium-http-4.1.4.jar:/Users/gennadiyqa/.m2/repository/dev/failsafe/failsafe/3.2.3/failsafe-3.2.3.jar:/Users/gennadiyqa/.m2/repository/org/seleniumhq/selenium/selenium-safari-driver/4.1.4/selenium-safari-driver-4.1.4.jar:/Users/gennadiyqa/.m2/repository/org/seleniumhq/selenium/selenium-support/4.1.4/selenium-support-4.1.4.jar:/Users/gennadiyqa/.m2/repository/org/slf4j/slf4j-reload4j/1.7.36/slf4j-reload4j-1.7.36.jar:/Users/gennadiyqa/.m2/repository/org/slf4j/slf4j-api/1.7.36/slf4j-api-1.7.36.jar:/Users/gennadiyqa/.m2/repository/ch/qos/reload4j/reload4j/1.2.19/reload4j-1.2.19.jar:/Users/gennadiyqa/.m2/repository/com/beust/jcommander/1.82/jcommander-1.82.jar:/Users/gennadiyqa/.m2/repository/org/testng/testng/7.5/testng-7.5.jar:/Users/gennadiyqa/.m2/repository/com/google/code/findbugs/jsr305/3.0.1/jsr305-3.0.1.jar:/Users/gennadiyqa/.m2/repository/org/webjars/jquery/3.5.1/jquery-3.5.1.jar:/Users/gennadiyqa/.m2/repository/commons-io/commons-io/2.11.0/commons-io-2.11.0.jar:"/>
    <property name="sun.cpu.endian" value="little"/>
    <property name="user.home" value="/Users/gennadiyqa"/>
    <property name="user.language" value="ru"/>
    <property name="java.specification.vendor" value="Oracle Corporation"/>
    <property name="java.version.date" value="2022-04-19"/>
    <property name="java.home" value="/usr/local/Cellar/openjdk/18.0.1/libexec/openjdk.jdk/Contents/Home"/>
    <property name="file.separator" value="/"/>
    <property name="basedir" value="/Users/gennadiyqa/IdeaProjects/Kassa24GitHub"/>
    <property name="java.vm.compressedOopsMode" value="Zero based"/>
    <property name="line.separator" value="&#10;"/>
    <property name="java.vm.specification.vendor" value="Oracle Corporation"/>
    <property name="java.specification.name" value="Java Platform API Specification"/>
    <property name="apple.awt.application.name" value="ForkedBooter"/>
    <property name="surefire.real.class.path" value="/Users/gennadiyqa/IdeaProjects/Kassa24GitHub/target/surefire/surefirebooter9825112067769623812.jar"/>
    <property name="sun.management.compiler" value="HotSpot 64-Bit Tiered Compilers"/>
    <property name="ftp.nonProxyHosts" value="local|*.local|169.254/16|*.169.254/16"/>
    <property name="java.runtime.version" value="18.0.1+0"/>
    <property name="user.name" value="gennadiyqa"/>
    <property name="path.separator" value=":"/>
    <property name="os.version" value="10.15.7"/>
    <property name="java.runtime.name" value="OpenJDK Runtime Environment"/>
    <property name="file.encoding" value="UTF-8"/>
    <property name="java.vm.name" value="OpenJDK 64-Bit Server VM"/>
    <property name="java.vendor.version" value="Homebrew"/>
    <property name="localRepository" value="/Users/gennadiyqa/.m2/repository"/>
    <property name="java.vendor.url.bug" value="https://github.com/Homebrew/homebrew-core/issues"/>
    <property name="java.io.tmpdir" value="/var/folders/py/9dvkhy_14tb3s5crl34y426h0000gn/T/"/>
    <property name="java.version" value="18.0.1"/>
    <property name="user.dir" value="/Users/gennadiyqa/IdeaProjects/Kassa24GitHub"/>
    <property name="os.arch" value="x86_64"/>
    <property name="java.vm.specification.name" value="Java Virtual Machine Specification"/>
    <property name="native.encoding" value="UTF-8"/>
    <property name="java.library.path" value="/Users/gennadiyqa/Library/Java/Extensions:/Library/Java/Extensions:/Network/Library/Java/Extensions:/System/Library/Java/Extensions:/usr/lib/java:."/>
    <property name="java.vm.info" value="mixed mode, sharing"/>
    <property name="java.vendor" value="Homebrew"/>
    <property name="java.vm.version" value="18.0.1+0"/>
    <property name="sun.io.unicode.encoding" value="UnicodeBig"/>
    <property name="socksNonProxyHosts" value="local|*.local|169.254/16|*.169.254/16"/>
    <property name="java.class.version" value="62.0"/>
  </properties>
  <testcase name="checkCostClickPlace" classname="test.oplataTicker.oplataTickets" time="14.205">
    <failure message="no such element: Unable to locate element: {&quot;method&quot;:&quot;xpath&quot;,&quot;selector&quot;:&quot;/html/body/main/article/section/section[1]/div/div[2]/div[2]/section/div/a&quot;}&#10;  (Session info: chrome=101.0.4951.64)&#10;For documentation on this error, please visit: https://selenium.dev/exceptions/#no_such_element&#10;Build info: version: &apos;4.1.4&apos;, revision: &apos;535d840ee2&apos;&#10;System info: host: &apos;Mac-mini-Gennadij.local&apos;, ip: &apos;127.0.0.1&apos;, os.name: &apos;Mac OS X&apos;, os.arch: &apos;x86_64&apos;, os.version: &apos;10.15.7&apos;, java.version: &apos;18.0.1&apos;&#10;Driver info: org.openqa.selenium.chrome.ChromeDriver&#10;Command: [8e3075d47e47fb112c672fc59c5b5256, findElement {using=xpath, value=/html/body/main/article/section/section[1]/div/div[2]/div[2]/section/div/a}]&#10;Capabilities {acceptInsecureCerts: false, browserName: chrome, browserVersion: 101.0.4951.64, chrome: {chromedriverVersion: 101.0.4951.41 (93c720db8323..., userDataDir: /var/folders/py/9dvkhy_14tb...}, goog:chromeOptions: {debuggerAddress: localhost:56160}, javascriptEnabled: true, networkConnectionEnabled: false, pageLoadStrategy: normal, platform: MAC, platformName: MAC, proxy: Proxy(), se:cdp: ws://localhost:56160/devtoo..., se:cdpVersion: 101.0.4951.64, setWindowRect: true, strictFileInteractability: false, timeouts: {implicit: 0, pageLoad: 300000, script: 30000}, unhandledPromptBehavior: dismiss and notify, webauthn:extension:credBlob: true, webauthn:extension:largeBlob: true, webauthn:virtualAuthenticators: true}&#10;Session ID: 8e3075d47e47fb112c672fc59c5b5256" type="org.openqa.selenium.NoSuchElementException"><![CDATA[org.openqa.selenium.NoSuchElementException: 
no such element: Unable to locate element: {"method":"xpath","selector":"/html/body/main/article/section/section[1]/div/div[2]/div[2]/section/div/a"}
  (Session info: chrome=101.0.4951.64)
For documentation on this error, please visit: https://selenium.dev/exceptions/#no_such_element
Build info: version: '4.1.4', revision: '535d840ee2'
System info: host: 'Mac-mini-Gennadij.local', ip: '127.0.0.1', os.name: 'Mac OS X', os.arch: 'x86_64', os.version: '10.15.7', java.version: '18.0.1'
Driver info: org.openqa.selenium.chrome.ChromeDriver
Command: [8e3075d47e47fb112c672fc59c5b5256, findElement {using=xpath, value=/html/body/main/article/section/section[1]/div/div[2]/div[2]/section/div/a}]
Capabilities {acceptInsecureCerts: false, browserName: chrome, browserVersion: 101.0.4951.64, chrome: {chromedriverVersion: 101.0.4951.41 (93c720db8323..., userDataDir: /var/folders/py/9dvkhy_14tb...}, goog:chromeOptions: {debuggerAddress: localhost:56160}, javascriptEnabled: true, networkConnectionEnabled: false, pageLoadStrategy: normal, platform: MAC, platformName: MAC, proxy: Proxy(), se:cdp: ws://localhost:56160/devtoo..., se:cdpVersion: 101.0.4951.64, setWindowRect: true, strictFileInteractability: false, timeouts: {implicit: 0, pageLoad: 300000, script: 30000}, unhandledPromptBehavior: dismiss and notify, webauthn:extension:credBlob: true, webauthn:extension:largeBlob: true, webauthn:virtualAuthenticators: true}
Session ID: 8e3075d47e47fb112c672fc59c5b5256
	at test.oplataTicker.oplataTickets.checkCostClickPlace(oplataTickets.java:37)
]]></failure>
    <system-err><![CDATA[log4j:WARN No appenders could be found for logger (org.testng.TestNG).
log4j:WARN Please initialize the log4j system properly.
log4j:WARN See http://logging.apache.org/log4j/1.2/faq.html#noconfig for more info.
Starting ChromeDriver 101.0.4951.41 (93c720db8323b3ec10d056025ab95c23a31997c9-refs/branch-heads/4951@{#904}) on port 49553
Only local connections are allowed.
Please see https://chromedriver.chromium.org/security-considerations for suggestions on keeping ChromeDriver safe.
ChromeDriver was started successfully.
мая 23, 2022 10:29:37 AM org.openqa.selenium.remote.ProtocolHandshake createSession
INFO: Detected dialect: W3C
мая 23, 2022 10:29:37 AM org.openqa.selenium.devtools.CdpVersionFinder findNearestMatch
INFO: Found exact CDP implementation for version 101
]]></system-err>
  </testcase>
  <testcase name="checkCostDelitePlace" classname="test.oplataTicker.oplataTickets" time="12.719">
    <failure message="no such element: Unable to locate element: {&quot;method&quot;:&quot;xpath&quot;,&quot;selector&quot;:&quot;/html/body/main/article/section/section[1]/div/div[2]/div[2]/section/div/a&quot;}&#10;  (Session info: chrome=101.0.4951.64)&#10;For documentation on this error, please visit: https://selenium.dev/exceptions/#no_such_element&#10;Build info: version: &apos;4.1.4&apos;, revision: &apos;535d840ee2&apos;&#10;System info: host: &apos;Mac-mini-Gennadij.local&apos;, ip: &apos;127.0.0.1&apos;, os.name: &apos;Mac OS X&apos;, os.arch: &apos;x86_64&apos;, os.version: &apos;10.15.7&apos;, java.version: &apos;18.0.1&apos;&#10;Driver info: org.openqa.selenium.chrome.ChromeDriver&#10;Command: [8e3075d47e47fb112c672fc59c5b5256, findElement {using=xpath, value=/html/body/main/article/section/section[1]/div/div[2]/div[2]/section/div/a}]&#10;Capabilities {acceptInsecureCerts: false, browserName: chrome, browserVersion: 101.0.4951.64, chrome: {chromedriverVersion: 101.0.4951.41 (93c720db8323..., userDataDir: /var/folders/py/9dvkhy_14tb...}, goog:chromeOptions: {debuggerAddress: localhost:56160}, javascriptEnabled: true, networkConnectionEnabled: false, pageLoadStrategy: normal, platform: MAC, platformName: MAC, proxy: Proxy(), se:cdp: ws://localhost:56160/devtoo..., se:cdpVersion: 101.0.4951.64, setWindowRect: true, strictFileInteractability: false, timeouts: {implicit: 0, pageLoad: 300000, script: 30000}, unhandledPromptBehavior: dismiss and notify, webauthn:extension:credBlob: true, webauthn:extension:largeBlob: true, webauthn:virtualAuthenticators: true}&#10;Session ID: 8e3075d47e47fb112c672fc59c5b5256" type="org.openqa.selenium.NoSuchElementException"><![CDATA[org.openqa.selenium.NoSuchElementException: 
no such element: Unable to locate element: {"method":"xpath","selector":"/html/body/main/article/section/section[1]/div/div[2]/div[2]/section/div/a"}
  (Session info: chrome=101.0.4951.64)
For documentation on this error, please visit: https://selenium.dev/exceptions/#no_such_element
Build info: version: '4.1.4', revision: '535d840ee2'
System info: host: 'Mac-mini-Gennadij.local', ip: '127.0.0.1', os.name: 'Mac OS X', os.arch: 'x86_64', os.version: '10.15.7', java.version: '18.0.1'
Driver info: org.openqa.selenium.chrome.ChromeDriver
Command: [8e3075d47e47fb112c672fc59c5b5256, findElement {using=xpath, value=/html/body/main/article/section/section[1]/div/div[2]/div[2]/section/div/a}]
Capabilities {acceptInsecureCerts: false, browserName: chrome, browserVersion: 101.0.4951.64, chrome: {chromedriverVersion: 101.0.4951.41 (93c720db8323..., userDataDir: /var/folders/py/9dvkhy_14tb...}, goog:chromeOptions: {debuggerAddress: localhost:56160}, javascriptEnabled: true, networkConnectionEnabled: false, pageLoadStrategy: normal, platform: MAC, platformName: MAC, proxy: Proxy(), se:cdp: ws://localhost:56160/devtoo..., se:cdpVersion: 101.0.4951.64, setWindowRect: true, strictFileInteractability: false, timeouts: {implicit: 0, pageLoad: 300000, script: 30000}, unhandledPromptBehavior: dismiss and notify, webauthn:extension:credBlob: true, webauthn:extension:largeBlob: true, webauthn:virtualAuthenticators: true}
Session ID: 8e3075d47e47fb112c672fc59c5b5256
	at test.oplataTicker.oplataTickets.checkCostDelitePlace(oplataTickets.java:48)
]]></failure>
  </testcase>
  <testcase name="checkResultPayPark" classname="test.oplataTicker.oplataTickets" time="5.165">
    <failure message="Unable to find element with locator By.xpath: /html/body/main/article/section/section[1]/div/div[2]/div[2]/section/div/a&#10;For documentation on this error, please visit: https://selenium.dev/exceptions/#no_such_element&#10;Build info: version: &apos;4.1.4&apos;, revision: &apos;535d840ee2&apos;&#10;System info: host: &apos;Mac-mini-Gennadij.local&apos;, ip: &apos;127.0.0.1&apos;, os.name: &apos;Mac OS X&apos;, os.arch: &apos;x86_64&apos;, os.version: &apos;10.15.7&apos;, java.version: &apos;18.0.1&apos;&#10;Driver info: driver.version: RemoteWebDriver" type="org.openqa.selenium.NoSuchElementException"><![CDATA[org.openqa.selenium.NoSuchElementException: 
Unable to find element with locator By.xpath: /html/body/main/article/section/section[1]/div/div[2]/div[2]/section/div/a
For documentation on this error, please visit: https://selenium.dev/exceptions/#no_such_element
Build info: version: '4.1.4', revision: '535d840ee2'
System info: host: 'Mac-mini-Gennadij.local', ip: '127.0.0.1', os.name: 'Mac OS X', os.arch: 'x86_64', os.version: '10.15.7', java.version: '18.0.1'
Driver info: driver.version: RemoteWebDriver
	at test.oplataTicker.oplataTickets.checkResultPayPark(oplataTickets.java:60)
]]></failure>
  </testcase>
  <testcase name="checkResultPayPushka" classname="test.oplataTicker.oplataTickets" time="0.01">
    <failure message="no such window: target window already closed&#10;from unknown error: web view not found&#10;  (Session info: chrome=101.0.4951.64)&#10;Build info: version: &apos;4.1.4&apos;, revision: &apos;535d840ee2&apos;&#10;System info: host: &apos;Mac-mini-Gennadij.local&apos;, ip: &apos;127.0.0.1&apos;, os.name: &apos;Mac OS X&apos;, os.arch: &apos;x86_64&apos;, os.version: &apos;10.15.7&apos;, java.version: &apos;18.0.1&apos;&#10;Driver info: org.openqa.selenium.chrome.ChromeDriver&#10;Command: [8e3075d47e47fb112c672fc59c5b5256, get {url=http://simferopol.ticket.bestit.com.ua/event/sobytie-dla-oplaty-puskinskoj-kartoj}]&#10;Capabilities {acceptInsecureCerts: false, browserName: chrome, browserVersion: 101.0.4951.64, chrome: {chromedriverVersion: 101.0.4951.41 (93c720db8323..., userDataDir: /var/folders/py/9dvkhy_14tb...}, goog:chromeOptions: {debuggerAddress: localhost:56160}, javascriptEnabled: true, networkConnectionEnabled: false, pageLoadStrategy: normal, platform: MAC, platformName: MAC, proxy: Proxy(), se:cdp: ws://localhost:56160/devtoo..., se:cdpVersion: 101.0.4951.64, setWindowRect: true, strictFileInteractability: false, timeouts: {implicit: 0, pageLoad: 300000, script: 30000}, unhandledPromptBehavior: dismiss and notify, webauthn:extension:credBlob: true, webauthn:extension:largeBlob: true, webauthn:virtualAuthenticators: true}&#10;Session ID: 8e3075d47e47fb112c672fc59c5b5256" type="org.openqa.selenium.NoSuchWindowException"><![CDATA[org.openqa.selenium.NoSuchWindowException: 
no such window: target window already closed
from unknown error: web view not found
  (Session info: chrome=101.0.4951.64)
Build info: version: '4.1.4', revision: '535d840ee2'
System info: host: 'Mac-mini-Gennadij.local', ip: '127.0.0.1', os.name: 'Mac OS X', os.arch: 'x86_64', os.version: '10.15.7', java.version: '18.0.1'
Driver info: org.openqa.selenium.chrome.ChromeDriver
Command: [8e3075d47e47fb112c672fc59c5b5256, get {url=http://simferopol.ticket.bestit.com.ua/event/sobytie-dla-oplaty-puskinskoj-kartoj}]
Capabilities {acceptInsecureCerts: false, browserName: chrome, browserVersion: 101.0.4951.64, chrome: {chromedriverVersion: 101.0.4951.41 (93c720db8323..., userDataDir: /var/folders/py/9dvkhy_14tb...}, goog:chromeOptions: {debuggerAddress: localhost:56160}, javascriptEnabled: true, networkConnectionEnabled: false, pageLoadStrategy: normal, platform: MAC, platformName: MAC, proxy: Proxy(), se:cdp: ws://localhost:56160/devtoo..., se:cdpVersion: 101.0.4951.64, setWindowRect: true, strictFileInteractability: false, timeouts: {implicit: 0, pageLoad: 300000, script: 30000}, unhandledPromptBehavior: dismiss and notify, webauthn:extension:credBlob: true, webauthn:extension:largeBlob: true, webauthn:virtualAuthenticators: true}
Session ID: 8e3075d47e47fb112c672fc59c5b5256
	at test.oplataTicker.oplataTickets.checkResultPayPushka(oplataTickets.java:77)
]]></failure>
  </testcase>
  <testcase name="checResultCollectionPay" classname="test.oplataTicker.oplataTickets" time="0.008">
    <failure message="no such window: target window already closed&#10;from unknown error: web view not found&#10;  (Session info: chrome=101.0.4951.64)&#10;Build info: version: &apos;4.1.4&apos;, revision: &apos;535d840ee2&apos;&#10;System info: host: &apos;Mac-mini-Gennadij.local&apos;, ip: &apos;127.0.0.1&apos;, os.name: &apos;Mac OS X&apos;, os.arch: &apos;x86_64&apos;, os.version: &apos;10.15.7&apos;, java.version: &apos;18.0.1&apos;&#10;Driver info: org.openqa.selenium.chrome.ChromeDriver&#10;Command: [8e3075d47e47fb112c672fc59c5b5256, get {url=http://simferopol.ticket.bestit.com.ua/event/sobytie-dla-oplaty-puskinskoj-kartoj}]&#10;Capabilities {acceptInsecureCerts: false, browserName: chrome, browserVersion: 101.0.4951.64, chrome: {chromedriverVersion: 101.0.4951.41 (93c720db8323..., userDataDir: /var/folders/py/9dvkhy_14tb...}, goog:chromeOptions: {debuggerAddress: localhost:56160}, javascriptEnabled: true, networkConnectionEnabled: false, pageLoadStrategy: normal, platform: MAC, platformName: MAC, proxy: Proxy(), se:cdp: ws://localhost:56160/devtoo..., se:cdpVersion: 101.0.4951.64, setWindowRect: true, strictFileInteractability: false, timeouts: {implicit: 0, pageLoad: 300000, script: 30000}, unhandledPromptBehavior: dismiss and notify, webauthn:extension:credBlob: true, webauthn:extension:largeBlob: true, webauthn:virtualAuthenticators: true}&#10;Session ID: 8e3075d47e47fb112c672fc59c5b5256" type="org.openqa.selenium.NoSuchWindowException"><![CDATA[org.openqa.selenium.NoSuchWindowException: 
no such window: target window already closed
from unknown error: web view not found
  (Session info: chrome=101.0.4951.64)
Build info: version: '4.1.4', revision: '535d840ee2'
System info: host: 'Mac-mini-Gennadij.local', ip: '127.0.0.1', os.name: 'Mac OS X', os.arch: 'x86_64', os.version: '10.15.7', java.version: '18.0.1'
Driver info: org.openqa.selenium.chrome.ChromeDriver
Command: [8e3075d47e47fb112c672fc59c5b5256, get {url=http://simferopol.ticket.bestit.com.ua/event/sobytie-dla-oplaty-puskinskoj-kartoj}]
Capabilities {acceptInsecureCerts: false, browserName: chrome, browserVersion: 101.0.4951.64, chrome: {chromedriverVersion: 101.0.4951.41 (93c720db8323..., userDataDir: /var/folders/py/9dvkhy_14tb...}, goog:chromeOptions: {debuggerAddress: localhost:56160}, javascriptEnabled: true, networkConnectionEnabled: false, pageLoadStrategy: normal, platform: MAC, platformName: MAC, proxy: Proxy(), se:cdp: ws://localhost:56160/devtoo..., se:cdpVersion: 101.0.4951.64, setWindowRect: true, strictFileInteractability: false, timeouts: {implicit: 0, pageLoad: 300000, script: 30000}, unhandledPromptBehavior: dismiss and notify, webauthn:extension:credBlob: true, webauthn:extension:largeBlob: true, webauthn:virtualAuthenticators: true}
Session ID: 8e3075d47e47fb112c672fc59c5b5256
	at test.oplataTicker.oplataTickets.checResultCollectionPay(oplataTickets.java:97)
]]></failure>
  </testcase>
  <testcase name="checkResultCollectionPayUniteller" classname="test.oplataTicker.oplataTickets" time="0.009">
    <failure message="no such window: target window already closed&#10;from unknown error: web view not found&#10;  (Session info: chrome=101.0.4951.64)&#10;Build info: version: &apos;4.1.4&apos;, revision: &apos;535d840ee2&apos;&#10;System info: host: &apos;Mac-mini-Gennadij.local&apos;, ip: &apos;127.0.0.1&apos;, os.name: &apos;Mac OS X&apos;, os.arch: &apos;x86_64&apos;, os.version: &apos;10.15.7&apos;, java.version: &apos;18.0.1&apos;&#10;Driver info: org.openqa.selenium.chrome.ChromeDriver&#10;Command: [8e3075d47e47fb112c672fc59c5b5256, get {url=https://simferopol.kassa24.ru/event/fiksiki-igraut-v-cirk-test}]&#10;Capabilities {acceptInsecureCerts: false, browserName: chrome, browserVersion: 101.0.4951.64, chrome: {chromedriverVersion: 101.0.4951.41 (93c720db8323..., userDataDir: /var/folders/py/9dvkhy_14tb...}, goog:chromeOptions: {debuggerAddress: localhost:56160}, javascriptEnabled: true, networkConnectionEnabled: false, pageLoadStrategy: normal, platform: MAC, platformName: MAC, proxy: Proxy(), se:cdp: ws://localhost:56160/devtoo..., se:cdpVersion: 101.0.4951.64, setWindowRect: true, strictFileInteractability: false, timeouts: {implicit: 0, pageLoad: 300000, script: 30000}, unhandledPromptBehavior: dismiss and notify, webauthn:extension:credBlob: true, webauthn:extension:largeBlob: true, webauthn:virtualAuthenticators: true}&#10;Session ID: 8e3075d47e47fb112c672fc59c5b5256" type="org.openqa.selenium.NoSuchWindowException"><![CDATA[org.openqa.selenium.NoSuchWindowException: 
no such window: target window already closed
from unknown error: web view not found
  (Session info: chrome=101.0.4951.64)
Build info: version: '4.1.4', revision: '535d840ee2'
System info: host: 'Mac-mini-Gennadij.local', ip: '127.0.0.1', os.name: 'Mac OS X', os.arch: 'x86_64', os.version: '10.15.7', java.version: '18.0.1'
Driver info: org.openqa.selenium.chrome.ChromeDriver
Command: [8e3075d47e47fb112c672fc59c5b5256, get {url=https://simferopol.kassa24.ru/event/fiksiki-igraut-v-cirk-test}]
Capabilities {acceptInsecureCerts: false, browserName: chrome, browserVersion: 101.0.4951.64, chrome: {chromedriverVersion: 101.0.4951.41 (93c720db8323..., userDataDir: /var/folders/py/9dvkhy_14tb...}, goog:chromeOptions: {debuggerAddress: localhost:56160}, javascriptEnabled: true, networkConnectionEnabled: false, pageLoadStrategy: normal, platform: MAC, platformName: MAC, proxy: Proxy(), se:cdp: ws://localhost:56160/devtoo..., se:cdpVersion: 101.0.4951.64, setWindowRect: true, strictFileInteractability: false, timeouts: {implicit: 0, pageLoad: 300000, script: 30000}, unhandledPromptBehavior: dismiss and notify, webauthn:extension:credBlob: true, webauthn:extension:largeBlob: true, webauthn:virtualAuthenticators: true}
Session ID: 8e3075d47e47fb112c672fc59c5b5256
	at test.oplataTicker.oplataTickets.checkResultCollectionPayUniteller(oplataTickets.java:118)
]]></failure>
  </testcase>
  <testcase name="checkChooseTicketPlacePlus" classname="test.oplataTicker.oplataTickets" time="0.008">
    <failure message="no such window: target window already closed&#10;from unknown error: web view not found&#10;  (Session info: chrome=101.0.4951.64)&#10;Build info: version: &apos;4.1.4&apos;, revision: &apos;535d840ee2&apos;&#10;System info: host: &apos;Mac-mini-Gennadij.local&apos;, ip: &apos;127.0.0.1&apos;, os.name: &apos;Mac OS X&apos;, os.arch: &apos;x86_64&apos;, os.version: &apos;10.15.7&apos;, java.version: &apos;18.0.1&apos;&#10;Driver info: org.openqa.selenium.chrome.ChromeDriver&#10;Command: [8e3075d47e47fb112c672fc59c5b5256, get {url=http://yalta.ticket.bestit.com.ua/event/ekskursia-vinzavod-massandra}]&#10;Capabilities {acceptInsecureCerts: false, browserName: chrome, browserVersion: 101.0.4951.64, chrome: {chromedriverVersion: 101.0.4951.41 (93c720db8323..., userDataDir: /var/folders/py/9dvkhy_14tb...}, goog:chromeOptions: {debuggerAddress: localhost:56160}, javascriptEnabled: true, networkConnectionEnabled: false, pageLoadStrategy: normal, platform: MAC, platformName: MAC, proxy: Proxy(), se:cdp: ws://localhost:56160/devtoo..., se:cdpVersion: 101.0.4951.64, setWindowRect: true, strictFileInteractability: false, timeouts: {implicit: 0, pageLoad: 300000, script: 30000}, unhandledPromptBehavior: dismiss and notify, webauthn:extension:credBlob: true, webauthn:extension:largeBlob: true, webauthn:virtualAuthenticators: true}&#10;Session ID: 8e3075d47e47fb112c672fc59c5b5256" type="org.openqa.selenium.NoSuchWindowException"><![CDATA[org.openqa.selenium.NoSuchWindowException: 
no such window: target window already closed
from unknown error: web view not found
  (Session info: chrome=101.0.4951.64)
Build info: version: '4.1.4', revision: '535d840ee2'
System info: host: 'Mac-mini-Gennadij.local', ip: '127.0.0.1', os.name: 'Mac OS X', os.arch: 'x86_64', os.version: '10.15.7', java.version: '18.0.1'
Driver info: org.openqa.selenium.chrome.ChromeDriver
Command: [8e3075d47e47fb112c672fc59c5b5256, get {url=http://yalta.ticket.bestit.com.ua/event/ekskursia-vinzavod-massandra}]
Capabilities {acceptInsecureCerts: false, browserName: chrome, browserVersion: 101.0.4951.64, chrome: {chromedriverVersion: 101.0.4951.41 (93c720db8323..., userDataDir: /var/folders/py/9dvkhy_14tb...}, goog:chromeOptions: {debuggerAddress: localhost:56160}, javascriptEnabled: true, networkConnectionEnabled: false, pageLoadStrategy: normal, platform: MAC, platformName: MAC, proxy: Proxy(), se:cdp: ws://localhost:56160/devtoo..., se:cdpVersion: 101.0.4951.64, setWindowRect: true, strictFileInteractability: false, timeouts: {implicit: 0, pageLoad: 300000, script: 30000}, unhandledPromptBehavior: dismiss and notify, webauthn:extension:credBlob: true, webauthn:extension:largeBlob: true, webauthn:virtualAuthenticators: true}
Session ID: 8e3075d47e47fb112c672fc59c5b5256
	at test.oplataTicker.oplataTickets.checkChooseTicketPlacePlus(oplataTickets.java:254)
]]></failure>
  </testcase>
  <testcase name="checkChooseTicketPlaceMinus" classname="test.oplataTicker.oplataTickets" time="0.009">
    <failure message="no such window: target window already closed&#10;from unknown error: web view not found&#10;  (Session info: chrome=101.0.4951.64)&#10;Build info: version: &apos;4.1.4&apos;, revision: &apos;535d840ee2&apos;&#10;System info: host: &apos;Mac-mini-Gennadij.local&apos;, ip: &apos;127.0.0.1&apos;, os.name: &apos;Mac OS X&apos;, os.arch: &apos;x86_64&apos;, os.version: &apos;10.15.7&apos;, java.version: &apos;18.0.1&apos;&#10;Driver info: org.openqa.selenium.chrome.ChromeDriver&#10;Command: [8e3075d47e47fb112c672fc59c5b5256, get {url=http://yalta.ticket.bestit.com.ua/event/ekskursia-vinzavod-massandra}]&#10;Capabilities {acceptInsecureCerts: false, browserName: chrome, browserVersion: 101.0.4951.64, chrome: {chromedriverVersion: 101.0.4951.41 (93c720db8323..., userDataDir: /var/folders/py/9dvkhy_14tb...}, goog:chromeOptions: {debuggerAddress: localhost:56160}, javascriptEnabled: true, networkConnectionEnabled: false, pageLoadStrategy: normal, platform: MAC, platformName: MAC, proxy: Proxy(), se:cdp: ws://localhost:56160/devtoo..., se:cdpVersion: 101.0.4951.64, setWindowRect: true, strictFileInteractability: false, timeouts: {implicit: 0, pageLoad: 300000, script: 30000}, unhandledPromptBehavior: dismiss and notify, webauthn:extension:credBlob: true, webauthn:extension:largeBlob: true, webauthn:virtualAuthenticators: true}&#10;Session ID: 8e3075d47e47fb112c672fc59c5b5256" type="org.openqa.selenium.NoSuchWindowException"><![CDATA[org.openqa.selenium.NoSuchWindowException: 
no such window: target window already closed
from unknown error: web view not found
  (Session info: chrome=101.0.4951.64)
Build info: version: '4.1.4', revision: '535d840ee2'
System info: host: 'Mac-mini-Gennadij.local', ip: '127.0.0.1', os.name: 'Mac OS X', os.arch: 'x86_64', os.version: '10.15.7', java.version: '18.0.1'
Driver info: org.openqa.selenium.chrome.ChromeDriver
Command: [8e3075d47e47fb112c672fc59c5b5256, get {url=http://yalta.ticket.bestit.com.ua/event/ekskursia-vinzavod-massandra}]
Capabilities {acceptInsecureCerts: false, browserName: chrome, browserVersion: 101.0.4951.64, chrome: {chromedriverVersion: 101.0.4951.41 (93c720db8323..., userDataDir: /var/folders/py/9dvkhy_14tb...}, goog:chromeOptions: {debuggerAddress: localhost:56160}, javascriptEnabled: true, networkConnectionEnabled: false, pageLoadStrategy: normal, platform: MAC, platformName: MAC, proxy: Proxy(), se:cdp: ws://localhost:56160/devtoo..., se:cdpVersion: 101.0.4951.64, setWindowRect: true, strictFileInteractability: false, timeouts: {implicit: 0, pageLoad: 300000, script: 30000}, unhandledPromptBehavior: dismiss and notify, webauthn:extension:credBlob: true, webauthn:extension:largeBlob: true, webauthn:virtualAuthenticators: true}
Session ID: 8e3075d47e47fb112c672fc59c5b5256
	at test.oplataTicker.oplataTickets.checkChooseTicketPlaceMinus(oplataTickets.java:264)
]]></failure>
  </testcase>
  <testcase name="checkUkrainMask" classname="test.oplataTicker.oplataTickets" time="0.009">
    <failure message="no such window: target window already closed&#10;from unknown error: web view not found&#10;  (Session info: chrome=101.0.4951.64)&#10;Build info: version: &apos;4.1.4&apos;, revision: &apos;535d840ee2&apos;&#10;System info: host: &apos;Mac-mini-Gennadij.local&apos;, ip: &apos;127.0.0.1&apos;, os.name: &apos;Mac OS X&apos;, os.arch: &apos;x86_64&apos;, os.version: &apos;10.15.7&apos;, java.version: &apos;18.0.1&apos;&#10;Driver info: org.openqa.selenium.chrome.ChromeDriver&#10;Command: [8e3075d47e47fb112c672fc59c5b5256, get {url=http://yalta.ticket.bestit.com.ua/event/ekskursia-vinzavod-massandra}]&#10;Capabilities {acceptInsecureCerts: false, browserName: chrome, browserVersion: 101.0.4951.64, chrome: {chromedriverVersion: 101.0.4951.41 (93c720db8323..., userDataDir: /var/folders/py/9dvkhy_14tb...}, goog:chromeOptions: {debuggerAddress: localhost:56160}, javascriptEnabled: true, networkConnectionEnabled: false, pageLoadStrategy: normal, platform: MAC, platformName: MAC, proxy: Proxy(), se:cdp: ws://localhost:56160/devtoo..., se:cdpVersion: 101.0.4951.64, setWindowRect: true, strictFileInteractability: false, timeouts: {implicit: 0, pageLoad: 300000, script: 30000}, unhandledPromptBehavior: dismiss and notify, webauthn:extension:credBlob: true, webauthn:extension:largeBlob: true, webauthn:virtualAuthenticators: true}&#10;Session ID: 8e3075d47e47fb112c672fc59c5b5256" type="org.openqa.selenium.NoSuchWindowException"><![CDATA[org.openqa.selenium.NoSuchWindowException: 
no such window: target window already closed
from unknown error: web view not found
  (Session info: chrome=101.0.4951.64)
Build info: version: '4.1.4', revision: '535d840ee2'
System info: host: 'Mac-mini-Gennadij.local', ip: '127.0.0.1', os.name: 'Mac OS X', os.arch: 'x86_64', os.version: '10.15.7', java.version: '18.0.1'
Driver info: org.openqa.selenium.chrome.ChromeDriver
Command: [8e3075d47e47fb112c672fc59c5b5256, get {url=http://yalta.ticket.bestit.com.ua/event/ekskursia-vinzavod-massandra}]
Capabilities {acceptInsecureCerts: false, browserName: chrome, browserVersion: 101.0.4951.64, chrome: {chromedriverVersion: 101.0.4951.41 (93c720db8323..., userDataDir: /var/folders/py/9dvkhy_14tb...}, goog:chromeOptions: {debuggerAddress: localhost:56160}, javascriptEnabled: true, networkConnectionEnabled: false, pageLoadStrategy: normal, platform: MAC, platformName: MAC, proxy: Proxy(), se:cdp: ws://localhost:56160/devtoo..., se:cdpVersion: 101.0.4951.64, setWindowRect: true, strictFileInteractability: false, timeouts: {implicit: 0, pageLoad: 300000, script: 30000}, unhandledPromptBehavior: dismiss and notify, webauthn:extension:credBlob: true, webauthn:extension:largeBlob: true, webauthn:virtualAuthenticators: true}
Session ID: 8e3075d47e47fb112c672fc59c5b5256
	at test.oplataTicker.oplataTickets.checkUkrainMask(oplataTickets.java:295)
]]></failure>
  </testcase>
  <testcase name="checkChoosePlaceBtnPay" classname="test.oplataTicker.oplataTickets" time="0.005">
    <failure message="no such window: target window already closed&#10;from unknown error: web view not found&#10;  (Session info: chrome=101.0.4951.64)&#10;Build info: version: &apos;4.1.4&apos;, revision: &apos;535d840ee2&apos;&#10;System info: host: &apos;Mac-mini-Gennadij.local&apos;, ip: &apos;127.0.0.1&apos;, os.name: &apos;Mac OS X&apos;, os.arch: &apos;x86_64&apos;, os.version: &apos;10.15.7&apos;, java.version: &apos;18.0.1&apos;&#10;Driver info: org.openqa.selenium.chrome.ChromeDriver&#10;Command: [8e3075d47e47fb112c672fc59c5b5256, get {url=http://simferopol.ticket.bestit.com.ua/event/sobytie-s-mestami-i-knopkoj}]&#10;Capabilities {acceptInsecureCerts: false, browserName: chrome, browserVersion: 101.0.4951.64, chrome: {chromedriverVersion: 101.0.4951.41 (93c720db8323..., userDataDir: /var/folders/py/9dvkhy_14tb...}, goog:chromeOptions: {debuggerAddress: localhost:56160}, javascriptEnabled: true, networkConnectionEnabled: false, pageLoadStrategy: normal, platform: MAC, platformName: MAC, proxy: Proxy(), se:cdp: ws://localhost:56160/devtoo..., se:cdpVersion: 101.0.4951.64, setWindowRect: true, strictFileInteractability: false, timeouts: {implicit: 0, pageLoad: 300000, script: 30000}, unhandledPromptBehavior: dismiss and notify, webauthn:extension:credBlob: true, webauthn:extension:largeBlob: true, webauthn:virtualAuthenticators: true}&#10;Session ID: 8e3075d47e47fb112c672fc59c5b5256" type="org.openqa.selenium.NoSuchWindowException"><![CDATA[org.openqa.selenium.NoSuchWindowException: 
no such window: target window already closed
from unknown error: web view not found
  (Session info: chrome=101.0.4951.64)
Build info: version: '4.1.4', revision: '535d840ee2'
System info: host: 'Mac-mini-Gennadij.local', ip: '127.0.0.1', os.name: 'Mac OS X', os.arch: 'x86_64', os.version: '10.15.7', java.version: '18.0.1'
Driver info: org.openqa.selenium.chrome.ChromeDriver
Command: [8e3075d47e47fb112c672fc59c5b5256, get {url=http://simferopol.ticket.bestit.com.ua/event/sobytie-s-mestami-i-knopkoj}]
Capabilities {acceptInsecureCerts: false, browserName: chrome, browserVersion: 101.0.4951.64, chrome: {chromedriverVersion: 101.0.4951.41 (93c720db8323..., userDataDir: /var/folders/py/9dvkhy_14tb...}, goog:chromeOptions: {debuggerAddress: localhost:56160}, javascriptEnabled: true, networkConnectionEnabled: false, pageLoadStrategy: normal, platform: MAC, platformName: MAC, proxy: Proxy(), se:cdp: ws://localhost:56160/devtoo..., se:cdpVersion: 101.0.4951.64, setWindowRect: true, strictFileInteractability: false, timeouts: {implicit: 0, pageLoad: 300000, script: 30000}, unhandledPromptBehavior: dismiss and notify, webauthn:extension:credBlob: true, webauthn:extension:largeBlob: true, webauthn:virtualAuthenticators: true}
Session ID: 8e3075d47e47fb112c672fc59c5b5256
	at test.oplataTicker.oplataTickets.checkChoosePlaceBtnPay(oplataTickets.java:312)
]]></failure>
  </testcase>
  <testcase name="checkChoosePriceClickPoint" classname="test.oplataTicker.oplataTickets" time="0.01">
    <failure message="no such window: target window already closed&#10;from unknown error: web view not found&#10;  (Session info: chrome=101.0.4951.64)&#10;Build info: version: &apos;4.1.4&apos;, revision: &apos;535d840ee2&apos;&#10;System info: host: &apos;Mac-mini-Gennadij.local&apos;, ip: &apos;127.0.0.1&apos;, os.name: &apos;Mac OS X&apos;, os.arch: &apos;x86_64&apos;, os.version: &apos;10.15.7&apos;, java.version: &apos;18.0.1&apos;&#10;Driver info: org.openqa.selenium.chrome.ChromeDriver&#10;Command: [8e3075d47e47fb112c672fc59c5b5256, get {url=http://simferopol.ticket.bestit.com.ua/event/sobytie-s-mestami-i-knopkoj}]&#10;Capabilities {acceptInsecureCerts: false, browserName: chrome, browserVersion: 101.0.4951.64, chrome: {chromedriverVersion: 101.0.4951.41 (93c720db8323..., userDataDir: /var/folders/py/9dvkhy_14tb...}, goog:chromeOptions: {debuggerAddress: localhost:56160}, javascriptEnabled: true, networkConnectionEnabled: false, pageLoadStrategy: normal, platform: MAC, platformName: MAC, proxy: Proxy(), se:cdp: ws://localhost:56160/devtoo..., se:cdpVersion: 101.0.4951.64, setWindowRect: true, strictFileInteractability: false, timeouts: {implicit: 0, pageLoad: 300000, script: 30000}, unhandledPromptBehavior: dismiss and notify, webauthn:extension:credBlob: true, webauthn:extension:largeBlob: true, webauthn:virtualAuthenticators: true}&#10;Session ID: 8e3075d47e47fb112c672fc59c5b5256" type="org.openqa.selenium.NoSuchWindowException"><![CDATA[org.openqa.selenium.NoSuchWindowException: 
no such window: target window already closed
from unknown error: web view not found
  (Session info: chrome=101.0.4951.64)
Build info: version: '4.1.4', revision: '535d840ee2'
System info: host: 'Mac-mini-Gennadij.local', ip: '127.0.0.1', os.name: 'Mac OS X', os.arch: 'x86_64', os.version: '10.15.7', java.version: '18.0.1'
Driver info: org.openqa.selenium.chrome.ChromeDriver
Command: [8e3075d47e47fb112c672fc59c5b5256, get {url=http://simferopol.ticket.bestit.com.ua/event/sobytie-s-mestami-i-knopkoj}]
Capabilities {acceptInsecureCerts: false, browserName: chrome, browserVersion: 101.0.4951.64, chrome: {chromedriverVersion: 101.0.4951.41 (93c720db8323..., userDataDir: /var/folders/py/9dvkhy_14tb...}, goog:chromeOptions: {debuggerAddress: localhost:56160}, javascriptEnabled: true, networkConnectionEnabled: false, pageLoadStrategy: normal, platform: MAC, platformName: MAC, proxy: Proxy(), se:cdp: ws://localhost:56160/devtoo..., se:cdpVersion: 101.0.4951.64, setWindowRect: true, strictFileInteractability: false, timeouts: {implicit: 0, pageLoad: 300000, script: 30000}, unhandledPromptBehavior: dismiss and notify, webauthn:extension:credBlob: true, webauthn:extension:largeBlob: true, webauthn:virtualAuthenticators: true}
Session ID: 8e3075d47e47fb112c672fc59c5b5256
	at test.oplataTicker.oplataTickets.checkChoosePriceClickPoint(oplataTickets.java:334)
]]></failure>
  </testcase>
  <testcase name="checkChoosePriceDelitePoint" classname="test.oplataTicker.oplataTickets" time="0.007">
    <failure message="no such window: target window already closed&#10;from unknown error: web view not found&#10;  (Session info: chrome=101.0.4951.64)&#10;Build info: version: &apos;4.1.4&apos;, revision: &apos;535d840ee2&apos;&#10;System info: host: &apos;Mac-mini-Gennadij.local&apos;, ip: &apos;127.0.0.1&apos;, os.name: &apos;Mac OS X&apos;, os.arch: &apos;x86_64&apos;, os.version: &apos;10.15.7&apos;, java.version: &apos;18.0.1&apos;&#10;Driver info: org.openqa.selenium.chrome.ChromeDriver&#10;Command: [8e3075d47e47fb112c672fc59c5b5256, get {url=http://simferopol.ticket.bestit.com.ua/event/sobytie-s-mestami-i-knopkoj}]&#10;Capabilities {acceptInsecureCerts: false, browserName: chrome, browserVersion: 101.0.4951.64, chrome: {chromedriverVersion: 101.0.4951.41 (93c720db8323..., userDataDir: /var/folders/py/9dvkhy_14tb...}, goog:chromeOptions: {debuggerAddress: localhost:56160}, javascriptEnabled: true, networkConnectionEnabled: false, pageLoadStrategy: normal, platform: MAC, platformName: MAC, proxy: Proxy(), se:cdp: ws://localhost:56160/devtoo..., se:cdpVersion: 101.0.4951.64, setWindowRect: true, strictFileInteractability: false, timeouts: {implicit: 0, pageLoad: 300000, script: 30000}, unhandledPromptBehavior: dismiss and notify, webauthn:extension:credBlob: true, webauthn:extension:largeBlob: true, webauthn:virtualAuthenticators: true}&#10;Session ID: 8e3075d47e47fb112c672fc59c5b5256" type="org.openqa.selenium.NoSuchWindowException"><![CDATA[org.openqa.selenium.NoSuchWindowException: 
no such window: target window already closed
from unknown error: web view not found
  (Session info: chrome=101.0.4951.64)
Build info: version: '4.1.4', revision: '535d840ee2'
System info: host: 'Mac-mini-Gennadij.local', ip: '127.0.0.1', os.name: 'Mac OS X', os.arch: 'x86_64', os.version: '10.15.7', java.version: '18.0.1'
Driver info: org.openqa.selenium.chrome.ChromeDriver
Command: [8e3075d47e47fb112c672fc59c5b5256, get {url=http://simferopol.ticket.bestit.com.ua/event/sobytie-s-mestami-i-knopkoj}]
Capabilities {acceptInsecureCerts: false, browserName: chrome, browserVersion: 101.0.4951.64, chrome: {chromedriverVersion: 101.0.4951.41 (93c720db8323..., userDataDir: /var/folders/py/9dvkhy_14tb...}, goog:chromeOptions: {debuggerAddress: localhost:56160}, javascriptEnabled: true, networkConnectionEnabled: false, pageLoadStrategy: normal, platform: MAC, platformName: MAC, proxy: Proxy(), se:cdp: ws://localhost:56160/devtoo..., se:cdpVersion: 101.0.4951.64, setWindowRect: true, strictFileInteractability: false, timeouts: {implicit: 0, pageLoad: 300000, script: 30000}, unhandledPromptBehavior: dismiss and notify, webauthn:extension:credBlob: true, webauthn:extension:largeBlob: true, webauthn:virtualAuthenticators: true}
Session ID: 8e3075d47e47fb112c672fc59c5b5256
	at test.oplataTicker.oplataTickets.checkChoosePriceDelitePoint(oplataTickets.java:346)
]]></failure>
  </testcase>
</testsuite>