<?xml version="1.0" encoding="UTF-8"?>
<!-- Generated by org.testng.reporters.JUnitReportReporter -->
<testsuite hostname="Mac-mini-Gennadij.local" failures="0" tests="3" name="test.sticker.sticker" time="34.648" errors="0" timestamp="2022-03-18T14:40:22 MSK" skipped="0">
  <testcase classname="test.sticker.sticker" name="checkResultSticker_tourist" time="6.980"/>
  <system-out/>
  <testcase classname="test.sticker.sticker" name="checkResultSticker_pushkina" time="13.321"/>
  <system-out/>
  <testcase classname="test.sticker.sticker" name="checkResultSticker_fee" time="14.347"/>
  <system-out/>
</testsuite> <!-- test.sticker.sticker -->
